<?xml version="1.0" encoding="UTF-8" ?>
<testsuite tests="4" failures="0" name="testrunner.TestRunner" time="0" errors="0" skipped="0">
  <properties>
[...]
</properties>
  <testcase classname="| Google | J.P. Morgan |" name="Given user navigated to google webpage &quot;Google&quot;" time="0"/>
  <testcase classname="| Google | J.P. Morgan |" name="When user search for &quot;J.P. Morgan&quot; and click on relevant search result item" time="0"/>
  <testcase classname="| Google | J.P. Morgan |" name="Then user should be able to view jpm logo on the page" time="0"/>
  <testcase classname="| Google | J.P. Morgan |" name="| Google | J.P. Morgan |" time="0"/>
</testsuite>